<?xml version="1.0" encoding="UTF-8"?>
<testng-results skipped="0" failed="0" ignored="0" total="1" passed="1">
  <reporter-output>
  </reporter-output>
  <suite name="Default suite" duration-ms="356" started-at="2020-05-21T05:16:43Z" finished-at="2020-05-21T05:16:43Z">
    <groups>
    </groups>
    <test name="Default test" duration-ms="356" started-at="2020-05-21T05:16:43Z" finished-at="2020-05-21T05:16:43Z">
      <class name="test.org.cts.Executable_Class">
        <test-method status="PASS" signature="TC1()[pri:0, instance:test.org.cts.Executable_Class@36d4b5c]" name="TC1" duration-ms="92" started-at="2020-05-21T05:16:43Z" finished-at="2020-05-21T05:16:43Z">
          <reporter-output>
          </reporter-output>
        </test-method> <!-- TC1 -->
      </class> <!-- test.org.cts.Executable_Class -->
    </test> <!-- Default test -->
  </suite> <!-- Default suite -->
</testng-results>
